Watching for file changes with StatReloader
Performing system checks...

System check identified some issues:

WARNINGS:
todos.Todo: (models.W042) Auto-created primary key used when not defining a primary key type, by default 'django.db.models.AutoField'.
	HINT: Configure the DEFAULT_AUTO_FIELD setting or the TodosConfig.default_auto_field attribute to point to a subclass of AutoField, e.g. 'django.db.models.BigAutoField'.

System check identified 1 issue (0 silenced).
January 19, 2024 - 11:57:19
Django version 4.2.9, using settings 'todoApp.settings'
Starting development server at http://0.0.0.0:8000/
Quit the server with CONTROL-C.

Not Found: /favicon.ico
[19/Jan/2024 11:57:36] "GET /favicon.ico HTTP/1.1" 404 2573
[19/Jan/2024 11:57:38] "GET /todos/ HTTP/1.1" 200 3515
[19/Jan/2024 11:57:38] "GET /static/css/style.css HTTP/1.1" 304 0
Not Found: /favicon.ico
[19/Jan/2024 11:57:38] "GET /favicon.ico HTTP/1.1" 404 2573
Not Found: /favicon.ico
[19/Jan/2024 11:57:39] "GET /favicon.ico HTTP/1.1" 404 2573
[19/Jan/2024 11:57:41] "GET /todos/ HTTP/1.1" 200 3515
Not Found: /favicon.ico
[19/Jan/2024 11:57:41] "GET /favicon.ico HTTP/1.1" 404 2573
Not Found: /favicon.ico
[19/Jan/2024 11:57:42] "GET /favicon.ico HTTP/1.1" 404 2573
[19/Jan/2024 11:57:42,402] - Broken pipe from ('103.82.42.181', 64952)
[19/Jan/2024 11:57:42] "GET /todos/ HTTP/1.1" 200 3515
Not Found: /favicon.ico
[19/Jan/2024 11:57:43] "GET /favicon.ico HTTP/1.1" 404 2573
Not Found: /favicon.ico
[19/Jan/2024 11:57:43] "GET /favicon.ico HTTP/1.1" 404 2573
